<?xml version="1.0" encoding="UTF-8"?>
<!-- Generated by org.testng.reporters.JUnitReportReporter -->
<testsuite hostname="DESKTOP-FNHG4OR" failures="0" tests="2" name="ui.selenide.WikiTest" time="16.340" errors="0" timestamp="2024-01-08T19:35:13 EET" skipped="0">
  <testcase classname="ui.selenide.WikiTest" name="shouldBeOpenedArticle" time="4.123"/>
  <testcase classname="ui.selenide.WikiTest" name="shouldBeAuth" time="12.217"/>
</testsuite> <!-- ui.selenide.WikiTest -->
