<?xml version="1.0" encoding="UTF-8"?>
<!-- Generated by org.testng.reporters.JUnitReportReporter -->
<testsuite hostname="DESKTOP-FNHG4OR" failures="0" tests="1" name="db.DBTest" time="0.221" errors="0" timestamp="2024-01-29T20:15:05 EET" skipped="0">
  <testcase classname="db.DBTest" name="shouldBeAddedAndDeleteAlice" time="0.221"/>
</testsuite> <!-- db.DBTest -->
